<?xml version="1.0" encoding="UTF-8"?>
<testng-results skipped="1" failed="0" total="1" passed="0">
  <reporter-output>
  </reporter-output>
  <suite name="Tests" duration-ms="281" started-at="2019-07-02T06:41:00Z" finished-at="2019-07-02T06:41:00Z">
    <groups>
    </groups>
    <test name="Test1" duration-ms="281" started-at="2019-07-02T06:41:00Z" finished-at="2019-07-02T06:41:00Z">
      <class name="war.SampleTestNgTest">
        <test-method status="PASS" signature="initTestSuite()[pri:0, instance:war.SampleTestNgTest@d041cf]" name="initTestSuite" is-config="true" duration-ms="31" started-at="2019-07-02T12:11:00Z" finished-at="2019-07-02T12:11:00Z">
          <reporter-output>
          </reporter-output>
        </test-method> <!-- initTestSuite -->
        <test-method status="FAIL" signature="initWebDriver()[pri:0, instance:war.SampleTestNgTest@d041cf]" name="initWebDriver" is-config="true" duration-ms="0" started-at="2019-07-02T12:11:00Z" finished-at="2019-07-02T12:11:00Z">
          <exception class="org.openqa.selenium.WebDriverException">
            <message>
              <![CDATA[Cannot find firefox binary in PATH. Make sure firefox is installed. OS appears to be: XP
Build info: version: '2.46.0', revision: '61506a4624b13675f24581e453592342b7485d71', time: '2015-06-04 10:22:50'
System info: host: 'Suman', ip: '192.168.206.1', os.name: 'Windows 10', os.arch: 'amd64', os.version: '10.0', java.version: '1.8.0_201'
Driver info: driver.version: FirefoxDriver]]>
            </message>
            <full-stacktrace>
              <![CDATA[org.openqa.selenium.WebDriverException: Cannot find firefox binary in PATH. Make sure firefox is installed. OS appears to be: XP
Build info: version: '2.46.0', revision: '61506a4624b13675f24581e453592342b7485d71', time: '2015-06-04 10:22:50'
System info: host: 'Suman', ip: '192.168.206.1', os.name: 'Windows 10', os.arch: 'amd64', os.version: '10.0', java.version: '1.8.0_201'
Driver info: driver.version: FirefoxDriver
	at org.openqa.selenium.firefox.internal.Executable.<init>(Executable.java:74)
	at org.openqa.selenium.firefox.FirefoxBinary.<init>(FirefoxBinary.java:60)
	at org.openqa.selenium.firefox.FirefoxBinary.<init>(FirefoxBinary.java:56)
	at org.openqa.selenium.firefox.FirefoxDriver.getBinary(FirefoxDriver.java:207)
	at org.openqa.selenium.firefox.FirefoxDriver.<init>(FirefoxDriver.java:132)
	at ru.stqa.selenium.factory.WebDriverFactoryInternal.createLocalDriver(WebDriverFactoryInternal.java:74)
	at ru.stqa.selenium.factory.WebDriverFactoryInternal.newDriver(WebDriverFactoryInternal.java:58)
	at ru.stqa.selenium.factory.ThreadLocalSingletonStorage.createNewDriver(ThreadLocalSingletonStorage.java:91)
	at ru.stqa.selenium.factory.ThreadLocalSingletonStorage.getDriver(ThreadLocalSingletonStorage.java:36)
	at ru.stqa.selenium.factory.WebDriverFactory.getDriver(WebDriverFactory.java:35)
	at war.TestNgTestBase.initWebDriver(TestNgTestBase.java:41)
	at sun.reflect.NativeMethodAccessorImpl.invoke0(Native Method)
	at sun.reflect.NativeMethodAccessorImpl.invoke(NativeMethodAccessorImpl.java:62)
	at sun.reflect.DelegatingMethodAccessorImpl.invoke(DelegatingMethodAccessorImpl.java:43)
	at java.lang.reflect.Method.invoke(Method.java:498)
	at org.testng.internal.MethodInvocationHelper.invokeMethod(MethodInvocationHelper.java:85)
	at org.testng.internal.Invoker.invokeConfigurationMethod(Invoker.java:517)
	at org.testng.internal.Invoker.invokeConfigurations(Invoker.java:213)
	at org.testng.internal.Invoker.invokeMethod(Invoker.java:601)
	at org.testng.internal.Invoker.invokeTestMethod(Invoker.java:845)
	at org.testng.internal.Invoker.invokeTestMethods(Invoker.java:1153)
	at org.testng.internal.TestMethodWorker.invokeTestMethods(TestMethodWorker.java:125)
	at org.testng.internal.TestMethodWorker.run(TestMethodWorker.java:108)
	at org.testng.TestRunner.privateRun(TestRunner.java:771)
	at org.testng.TestRunner.run(TestRunner.java:621)
	at org.testng.SuiteRunner.runTest(SuiteRunner.java:357)
	at org.testng.SuiteRunner.runSequentially(SuiteRunner.java:352)
	at org.testng.SuiteRunner.privateRun(SuiteRunner.java:310)
	at org.testng.SuiteRunner.run(SuiteRunner.java:259)
	at org.testng.SuiteRunnerWorker.runSuite(SuiteRunnerWorker.java:52)
	at org.testng.SuiteRunnerWorker.run(SuiteRunnerWorker.java:86)
	at org.testng.TestNG.runSuitesSequentially(TestNG.java:1199)
	at org.testng.TestNG.runSuitesLocally(TestNG.java:1124)
	at org.testng.TestNG.run(TestNG.java:1032)
	at org.apache.maven.surefire.testng.TestNGExecutor.run(TestNGExecutor.java:295)
	at org.apache.maven.surefire.testng.TestNGXmlTestSuite.execute(TestNGXmlTestSuite.java:84)
	at org.apache.maven.surefire.testng.TestNGProvider.invoke(TestNGProvider.java:90)
	at org.apache.maven.surefire.booter.ForkedBooter.invokeProviderInSameClassLoader(ForkedBooter.java:203)
	at org.apache.maven.surefire.booter.ForkedBooter.runSuitesInProcess(ForkedBooter.java:155)
	at org.apache.maven.surefire.booter.ForkedBooter.main(ForkedBooter.java:103)
]]>
            </full-stacktrace>
          </exception> <!-- org.openqa.selenium.WebDriverException -->
          <reporter-output>
          </reporter-output>
        </test-method> <!-- initWebDriver -->
        <test-method status="SKIP" signature="initPageObjects()[pri:0, instance:war.SampleTestNgTest@d041cf]" name="initPageObjects" is-config="true" duration-ms="0" started-at="2019-07-02T12:11:00Z" finished-at="2019-07-02T12:11:00Z">
          <reporter-output>
          </reporter-output>
        </test-method> <!-- initPageObjects -->
        <test-method status="SKIP" signature="testHomePageHasAHeader()[pri:0, instance:war.SampleTestNgTest@d041cf]" name="testHomePageHasAHeader" duration-ms="0" started-at="2019-07-02T12:11:00Z" finished-at="2019-07-02T12:11:00Z">
          <reporter-output>
          </reporter-output>
        </test-method> <!-- testHomePageHasAHeader -->
        <test-method status="PASS" signature="tearDown()[pri:0, instance:war.SampleTestNgTest@d041cf]" name="tearDown" is-config="true" duration-ms="0" started-at="2019-07-02T12:11:00Z" finished-at="2019-07-02T12:11:00Z">
          <reporter-output>
          </reporter-output>
        </test-method> <!-- tearDown -->
      </class> <!-- war.SampleTestNgTest -->
    </test> <!-- Test1 -->
  </suite> <!-- Tests -->
</testng-results>
